c:\users\fikra\desktop\лабы ооп и курсач(+ для гитхаба)\курсовой проект ver1.0\kursovoyproekt\kursovoyproekt\x64\debug\vc143.pdb
c:\users\fikra\desktop\лабы ооп и курсач(+ для гитхаба)\курсовой проект ver1.0\kursovoyproekt\kursovoyproekt\x64\debug\vc143.idb
c:\users\fikra\desktop\лабы ооп и курсач(+ для гитхаба)\курсовой проект ver1.0\kursovoyproekt\kursovoyproekt\x64\debug\smartphone.obj
c:\users\fikra\desktop\лабы ооп и курсач(+ для гитхаба)\курсовой проект ver1.0\kursovoyproekt\kursovoyproekt\x64\debug\sim.obj
c:\users\fikra\desktop\лабы ооп и курсач(+ для гитхаба)\курсовой проект ver1.0\kursovoyproekt\kursovoyproekt\x64\debug\shop.obj
c:\users\fikra\desktop\лабы ооп и курсач(+ для гитхаба)\курсовой проект ver1.0\kursovoyproekt\kursovoyproekt\x64\debug\pushbuttonphone.obj
c:\users\fikra\desktop\лабы ооп и курсач(+ для гитхаба)\курсовой проект ver1.0\kursovoyproekt\kursovoyproekt\x64\debug\phonemode.obj
c:\users\fikra\desktop\лабы ооп и курсач(+ для гитхаба)\курсовой проект ver1.0\kursovoyproekt\kursovoyproekt\x64\debug\person.obj
c:\users\fikra\desktop\лабы ооп и курсач(+ для гитхаба)\курсовой проект ver1.0\kursovoyproekt\kursovoyproekt\x64\debug\mobilephone.obj
c:\users\fikra\desktop\лабы ооп и курсач(+ для гитхаба)\курсовой проект ver1.0\kursovoyproekt\kursovoyproekt\x64\debug\lang.obj
c:\users\fikra\desktop\лабы ооп и курсач(+ для гитхаба)\курсовой проект ver1.0\kursovoyproekt\kursovoyproekt\x64\debug\kursovoyproekt.obj
c:\users\fikra\desktop\лабы ооп и курсач(+ для гитхаба)\курсовой проект ver1.0\kursovoyproekt\kursovoyproekt\x64\debug\hybridphone.obj
c:\users\fikra\desktop\лабы ооп и курсач(+ для гитхаба)\курсовой проект ver1.0\kursovoyproekt\kursovoyproekt\x64\debug\cover.obj
c:\users\fikra\desktop\лабы ооп и курсач(+ для гитхаба)\курсовой проект ver1.0\kursovoyproekt\kursovoyproekt\x64\debug\civil.obj
c:\users\fikra\desktop\лабы ооп и курсач(+ для гитхаба)\курсовой проект ver1.0\kursovoyproekt\x64\debug\kursovoyproekt.pdb
c:\users\fikra\desktop\лабы ооп и курсач(+ для гитхаба)\курсовой проект ver1.0\kursovoyproekt\kursovoyproekt\x64\debug\kursovoyproekt.tlog\cl.command.1.tlog
c:\users\fikra\desktop\лабы ооп и курсач(+ для гитхаба)\курсовой проект ver1.0\kursovoyproekt\kursovoyproekt\x64\debug\kursovoyproekt.tlog\cl.read.1.tlog
c:\users\fikra\desktop\лабы ооп и курсач(+ для гитхаба)\курсовой проект ver1.0\kursovoyproekt\kursovoyproekt\x64\debug\kursovoyproekt.tlog\cl.write.1.tlog
c:\users\fikra\desktop\лабы ооп и курсач(+ для гитхаба)\курсовой проект ver1.0\kursovoyproekt\kursovoyproekt\x64\debug\kursovoyproekt.tlog\link-cvtres.read.1.tlog
c:\users\fikra\desktop\лабы ооп и курсач(+ для гитхаба)\курсовой проект ver1.0\kursovoyproekt\kursovoyproekt\x64\debug\kursovoyproekt.tlog\link-cvtres.write.1.tlog
c:\users\fikra\desktop\лабы ооп и курсач(+ для гитхаба)\курсовой проект ver1.0\kursovoyproekt\kursovoyproekt\x64\debug\kursovoyproekt.tlog\link-rc.read.1.tlog
c:\users\fikra\desktop\лабы ооп и курсач(+ для гитхаба)\курсовой проект ver1.0\kursovoyproekt\kursovoyproekt\x64\debug\kursovoyproekt.tlog\link-rc.write.1.tlog
c:\users\fikra\desktop\лабы ооп и курсач(+ для гитхаба)\курсовой проект ver1.0\kursovoyproekt\kursovoyproekt\x64\debug\kursovoyproekt.tlog\link.command.1.tlog
c:\users\fikra\desktop\лабы ооп и курсач(+ для гитхаба)\курсовой проект ver1.0\kursovoyproekt\kursovoyproekt\x64\debug\kursovoyproekt.tlog\link.read.1.tlog
c:\users\fikra\desktop\лабы ооп и курсач(+ для гитхаба)\курсовой проект ver1.0\kursovoyproekt\kursovoyproekt\x64\debug\kursovoyproekt.tlog\link.read.2.tlog
c:\users\fikra\desktop\лабы ооп и курсач(+ для гитхаба)\курсовой проект ver1.0\kursovoyproekt\kursovoyproekt\x64\debug\kursovoyproekt.tlog\link.write.1.tlog
